# JRE version: Java(TM) SE Runtime Environment (21.0.2+13) (build 21.0.2+13-LTS-58)
# Java VM: Java HotSpot(TM) 64-Bit Server VM (21.0.2+13-LTS-58, mixed mode, sharing, tiered, compressed oops, compressed class ptrs, g1 gc, windows-amd64)
GC Precious Log:
 CardTable entry size: 512
 Card Set container configuration: InlinePtr #cards 5 size 8 Array Of Cards #cards 12 size 40 Howl #buckets 4 coarsen threshold 1843 Howl Bitmap #cards 512 size 80 coarsen threshold 460 Card regions per heap region 1 cards per card region 2048
 CPUs: 8 total, 8 available
 Memory: 8051M
 Large Page Support: Disabled
 NUMA Support: Disabled
 Compressed Oops: Enabled (32-bit)
 Heap Region Size: 1M
 Heap Min Capacity: 8M
 Heap Initial Capacity: 126M
 Heap Max Capacity: 2014M
 Pre-touch: Disabled
 Parallel Workers: 8
 Concurrent Workers: 2
 Concurrent Refinement Workers: 8
 Periodic GC: Disabled
Heap:
 garbage-first heap   total 71680K, used 46827K [0x0000000082200000, 0x0000000100000000)
  region size 1024K, 20 young (20480K), 4 survivors (4096K)
 Metaspace       used 70943K, committed 71616K, reserved 1114112K
  class space    used 9641K, committed 9920K, reserved 1048576K
GC Heap History (20 events):
Event: 2.032 GC heap before
{Heap before GC invocations=0 (full 0):
 garbage-first heap   total 129024K, used 23552K [0x0000000082200000, 0x0000000100000000)
  region size 1024K, 23 young (23552K), 0 survivors (0K)
 Metaspace       used 5712K, committed 5888K, reserved 1114112K
  class space    used 638K, committed 704K, reserved 1048576K
}
Event: 2.040 GC heap after
{Heap after GC invocations=1 (full 0):
 garbage-first heap   total 129024K, used 8490K [0x0000000082200000, 0x0000000100000000)
  region size 1024K, 3 young (3072K), 3 survivors (3072K)
 Metaspace       used 5712K, committed 5888K, reserved 1114112K
  class space    used 638K, committed 704K, reserved 1048576K
}
Event: 3.350 GC heap before
{Heap before GC invocations=1 (full 0):
 garbage-first heap   total 129024K, used 35114K [0x0000000082200000, 0x0000000100000000)
  region size 1024K, 29 young (29696K), 3 survivors (3072K)
 Metaspace       used 12245K, committed 12544K, reserved 1114112K
  class space    used 1582K, committed 1728K, reserved 1048576K
}
Event: 3.361 GC heap after
{Heap after GC invocations=2 (full 0):
 garbage-first heap   total 129024K, used 10855K [0x0000000082200000, 0x0000000100000000)
  region size 1024K, 3 young (3072K), 3 survivors (3072K)
 Metaspace       used 12245K, committed 12544K, reserved 1114112K
  class space    used 1582K, committed 1728K, reserved 1048576K
}
Event: 4.859 GC heap before
{Heap before GC invocations=2 (full 0):
 garbage-first heap   total 129024K, used 50791K [0x0000000082200000, 0x0000000100000000)
  region size 1024K, 44 young (45056K), 3 survivors (3072K)
 Metaspace       used 21251K, committed 21504K, reserved 1114112K
  class space    used 2673K, committed 2816K, reserved 1048576K
}
Event: 4.876 GC heap after
{Heap after GC invocations=3 (full 0):
 garbage-first heap   total 129024K, used 14976K [0x0000000082200000, 0x0000000100000000)
  region size 1024K, 7 young (7168K), 7 survivors (7168K)
 Metaspace       used 21251K, committed 21504K, reserved 1114112K
  class space    used 2673K, committed 2816K, reserved 1048576K
}
Event: 7.946 GC heap before
{Heap before GC invocations=4 (full 0):
 garbage-first heap   total 61440K, used 60032K [0x0000000082200000, 0x0000000100000000)
  region size 1024K, 51 young (52224K), 7 survivors (7168K)
 Metaspace       used 26940K, committed 27264K, reserved 1114112K
  class space    used 3338K, committed 3456K, reserved 1048576K
}
Event: 7.976 GC heap after
{Heap after GC invocations=5 (full 0):
 garbage-first heap   total 71680K, used 18359K [0x0000000082200000, 0x0000000100000000)
  region size 1024K, 8 young (8192K), 8 survivors (8192K)
 Metaspace       used 26940K, committed 27264K, reserved 1114112K
  class space    used 3338K, committed 3456K, reserved 1048576K
}
Event: 11.162 GC heap before
{Heap before GC invocations=5 (full 0):
 garbage-first heap   total 71680K, used 53175K [0x0000000082200000, 0x0000000100000000)
  region size 1024K, 42 young (43008K), 8 survivors (8192K)
 Metaspace       used 32581K, committed 33088K, reserved 1114112K
  class space    used 4232K, committed 4480K, reserved 1048576K
}
Event: 11.197 GC heap after
{Heap after GC invocations=6 (full 0):
 garbage-first heap   total 71680K, used 20480K [0x0000000082200000, 0x0000000100000000)
  region size 1024K, 3 young (3072K), 3 survivors (3072K)
 Metaspace       used 32581K, committed 33088K, reserved 1114112K
  class space    used 4232K, committed 4480K, reserved 1048576K
}
Event: 13.009 GC heap before
{Heap before GC invocations=6 (full 0):
 garbage-first heap   total 71680K, used 48128K [0x0000000082200000, 0x0000000100000000)
  region size 1024K, 31 young (31744K), 3 survivors (3072K)
 Metaspace       used 35593K, committed 36096K, reserved 1114112K
  class space    used 4620K, committed 4864K, reserved 1048576K
}
Event: 13.032 GC heap after
{Heap after GC invocations=7 (full 0):
 garbage-first heap   total 71680K, used 22528K [0x0000000082200000, 0x0000000100000000)
  region size 1024K, 2 young (2048K), 2 survivors (2048K)
 Metaspace       used 35593K, committed 36096K, reserved 1114112K
  class space    used 4620K, committed 4864K, reserved 1048576K
}
Event: 16.615 GC heap before
{Heap before GC invocations=8 (full 0):
 garbage-first heap   total 71680K, used 59392K [0x0000000082200000, 0x0000000100000000)
  region size 1024K, 38 young (38912K), 2 survivors (2048K)
 Metaspace       used 42046K, committed 42624K, reserved 1114112K
  class space    used 5559K, committed 5824K, reserved 1048576K
}
Event: 16.640 GC heap after
{Heap after GC invocations=9 (full 0):
 garbage-first heap   total 71680K, used 24197K [0x0000000082200000, 0x0000000100000000)
  region size 1024K, 4 young (4096K), 4 survivors (4096K)
 Metaspace       used 42046K, committed 42624K, reserved 1114112K
  class space    used 5559K, committed 5824K, reserved 1048576K
}
Event: 19.567 GC heap before
{Heap before GC invocations=9 (full 0):
 garbage-first heap   total 71680K, used 60037K [0x0000000082200000, 0x0000000100000000)
  region size 1024K, 40 young (40960K), 4 survivors (4096K)
 Metaspace       used 52590K, committed 53184K, reserved 1114112K
  class space    used 6903K, committed 7168K, reserved 1048576K
}
Event: 19.587 GC heap after
{Heap after GC invocations=10 (full 0):
 garbage-first heap   total 71680K, used 27282K [0x0000000082200000, 0x0000000100000000)
  region size 1024K, 5 young (5120K), 5 survivors (5120K)
 Metaspace       used 52590K, committed 53184K, reserved 1114112K
  class space    used 6903K, committed 7168K, reserved 1048576K
}
Event: 21.075 GC heap before
{Heap before GC invocations=10 (full 0):
 garbage-first heap   total 71680K, used 48786K [0x0000000082200000, 0x0000000100000000)
  region size 1024K, 28 young (28672K), 5 survivors (5120K)
 Metaspace       used 59812K, committed 60416K, reserved 1114112K
  class space    used 8103K, committed 8384K, reserved 1048576K
}
Event: 21.093 GC heap after
{Heap after GC invocations=11 (full 0):
 garbage-first heap   total 71680K, used 28521K [0x0000000082200000, 0x0000000100000000)
  region size 1024K, 1 young (1024K), 1 survivors (1024K)
 Metaspace       used 59812K, committed 60416K, reserved 1114112K
  class space    used 8103K, committed 8384K, reserved 1048576K
}
Event: 23.882 GC heap before
{Heap before GC invocations=12 (full 0):
 garbage-first heap   total 71680K, used 62313K [0x0000000082200000, 0x0000000100000000)
  region size 1024K, 34 young (34816K), 1 survivors (1024K)
 Metaspace       used 67692K, committed 68288K, reserved 1114112K
  class space    used 9215K, committed 9472K, reserved 1048576K
}
Event: 23.904 GC heap after
{Heap after GC invocations=13 (full 0):
 garbage-first heap   total 71680K, used 31467K [0x0000000082200000, 0x0000000100000000)
  region size 1024K, 4 young (4096K), 4 survivors (4096K)
 Metaspace       used 67692K, committed 68288K, reserved 1114112K
  class space    used 9215K, committed 9472K, reserved 1048576K
}

